<?xml version="1.0" encoding="UTF-8"?>
<!-- Generated by org.testng.reporters.JUnitReportReporter -->
<testsuite hostname="SanthoshTyada" failures="0" tests="3" name="testclasses.HomeTest" time="37.741" errors="0" timestamp="2023-09-16T08:43:55 IST" skipped="0">
  <testcase classname="testclasses.HomeTest" name="verifyFunctionsOfCheckBox" time="13.490"/>
  <testcase classname="testclasses.HomeTest" name="verifyFunctionsOfKeyword" time="11.790"/>
  <testcase classname="testclasses.HomeTest" name="verifyFunctionOfRadioBtn" time="12.461"/>
</testsuite> <!-- testclasses.HomeTest -->
