<?xml version="1.0" encoding="UTF-8"?>
<!-- Generated by org.testng.reporters.JUnitReportReporter -->
<testsuite hostname="SanthoshTyada" failures="0" tests="2" name="testclasses.CareerTest" time="44.129" errors="0" timestamp="2023-09-16T08:43:55 IST" skipped="0">
  <testcase classname="testclasses.CareerTest" name="verifyDropDown" time="21.814"/>
  <testcase classname="testclasses.CareerTest" name="verifyFunctionsOfWindowHandle" time="22.315"/>
</testsuite> <!-- testclasses.CareerTest -->
