<?xml version="1.0" encoding="UTF-8"?>
<!-- Generated by org.testng.reporters.JUnitReportReporter -->
<testsuite hostname="SanthoshTyada" failures="0" tests="3" name="testclasses.HomeTest" time="33.919" errors="0" timestamp="2023-09-13T23:10:51 IST" skipped="0">
  <testcase classname="testclasses.HomeTest" name="verifyFunctionOfRadioBtn" time="11.466"/>
  <testcase classname="testclasses.HomeTest" name="verifyFunctionsOfCheckBox" time="10.915"/>
  <testcase classname="testclasses.HomeTest" name="verifyFunctionsOfKeyword" time="11.538"/>
</testsuite> <!-- testclasses.HomeTest -->
