<?xml version="1.0" encoding="UTF-8"?>
<!-- Generated by org.testng.reporters.JUnitReportReporter -->
<testsuite hostname="SanthoshTyada" failures="0" tests="1" name="testclasses.LogInTest" time="28.917" errors="0" timestamp="2023-09-16T08:43:55 IST" skipped="0">
  <testcase classname="testclasses.LogInTest" name="verifyLoginWithValidUsernameAndValidPassword" time="28.917"/>
</testsuite> <!-- testclasses.LogInTest -->
